TN:
SF:/Users/andeladeveloper/Documents/Work/Projects/docster/constants/QueryConstants.js
FNF:0
FNH:0
DA:2,1
LF:1
LH:1
BRF:0
BRH:0
end_of_record
TN:
SF:/Users/andeladeveloper/Documents/Work/Projects/docster/server/models/document.js
FN:2,(anonymous_0)
FNF:1
FNH:1
FNDA:1,(anonymous_0)
DA:2,1
DA:3,1
DA:14,4
DA:34,0
DA:40,1
LF:5
LH:4
BRF:0
BRH:0
end_of_record
TN:
SF:/Users/andeladeveloper/Documents/Work/Projects/docster/server/models/index.js
FN:21,(anonymous_0)
FN:22,(anonymous_1)
FN:27,(anonymous_2)
FNF:3
FNH:3
FNDA:4,(anonymous_0)
FNDA:3,(anonymous_1)
FNDA:3,(anonymous_2)
DA:1,1
DA:2,1
DA:3,1
DA:4,1
DA:6,1
DA:7,1
DA:8,1
DA:10,1
DA:13,1
DA:14,0
DA:16,1
DA:19,1
DA:21,4
DA:23,3
DA:24,3
DA:27,1
DA:28,3
DA:29,0
DA:33,1
DA:34,1
DA:36,1
LF:21
LH:19
BRDA:7,0,0,1
BRDA:7,0,1,0
BRDA:13,1,0,0
BRDA:13,1,1,1
BRDA:21,2,0,4
BRDA:21,2,1,4
BRDA:21,2,2,3
BRDA:28,3,0,0
BRDA:28,3,1,3
BRF:9
BRH:6
end_of_record
TN:
SF:/Users/andeladeveloper/Documents/Work/Projects/docster/server/models/role.js
FN:1,(anonymous_0)
FNF:1
FNH:1
FNDA:1,(anonymous_0)
DA:1,1
DA:2,1
DA:11,0
DA:18,1
LF:4
LH:3
BRF:0
BRH:0
end_of_record
TN:
SF:/Users/andeladeveloper/Documents/Work/Projects/docster/server/models/user.js
FN:5,(anonymous_0)
FNF:1
FNH:1
FNDA:1,(anonymous_0)
DA:3,1
DA:5,1
DA:6,1
DA:39,0
DA:42,0
DA:50,0
DA:55,6
DA:59,1
LF:8
LH:5
BRF:0
BRH:0
end_of_record
